<?xml version="1.0" encoding="UTF-8"?>
<testng-results ignored="0" total="1" passed="1" failed="0" skipped="0">
  <reporter-output>
  </reporter-output>
  <suite started-at="2024-11-19T13:15:41 IST" name="Default suite" finished-at="2024-11-19T13:16:10 IST" duration-ms="29548">
    <groups>
    </groups>
    <test started-at="2024-11-19T13:15:41 IST" name="Default test" finished-at="2024-11-19T13:16:10 IST" duration-ms="29548">
      <class name="com.fly.test.ArticleTest">
        <test-method is-config="true" signature="setup()[pri:0, instance:com.fly.test.ArticleTest@3f19b8b3]" started-at="2024-11-19T13:15:41 IST" name="setup" finished-at="2024-11-19T13:15:43 IST" duration-ms="2559" status="PASS">
          <reporter-output>
          </reporter-output>
        </test-method> <!-- setup -->
        <test-method signature="validEditArticle()[pri:0, instance:com.fly.test.ArticleTest@3f19b8b3]" started-at="2024-11-19T13:15:43 IST" name="validEditArticle" finished-at="2024-11-19T13:16:10 IST" duration-ms="26389" status="PASS">
          <reporter-output>
          </reporter-output>
        </test-method> <!-- validEditArticle -->
        <test-method is-config="true" signature="tearDown()[pri:0, instance:com.fly.test.ArticleTest@3f19b8b3]" started-at="2024-11-19T13:16:10 IST" name="tearDown" finished-at="2024-11-19T13:16:10 IST" duration-ms="523" status="PASS">
          <reporter-output>
          </reporter-output>
        </test-method> <!-- tearDown -->
      </class> <!-- com.fly.test.ArticleTest -->
    </test> <!-- Default test -->
  </suite> <!-- Default suite -->
</testng-results>
